{"name":"hexo","hostname":"PC201410091543","pid":2080,"level":20,"msg":"Hexo version: \u001b[35m3.0.1\u001b[39m","time":"2015-10-23T13:36:02.283Z","v":0}
{"name":"hexo","hostname":"PC201410091543","pid":2080,"level":20,"msg":"Working directory: \u001b[35mE:\\myblog\\\u001b[39m","time":"2015-10-23T13:36:02.299Z","v":0}
{"name":"hexo","hostname":"PC201410091543","pid":2080,"level":20,"msg":"Config loaded: \u001b[35mE:\\myblog\\_config.yml\u001b[39m","time":"2015-10-23T13:36:04.561Z","v":0}
{"name":"hexo","hostname":"PC201410091543","pid":2080,"level":20,"msg":"Plugin loaded: \u001b[35mhexo-generator-archive\u001b[39m","time":"2015-10-23T13:36:05.341Z","v":0}
{"name":"hexo","hostname":"PC201410091543","pid":2080,"level":20,"msg":"Plugin loaded: \u001b[35mhexo-generator-category\u001b[39m","time":"2015-10-23T13:36:05.684Z","v":0}
{"name":"hexo","hostname":"PC201410091543","pid":2080,"level":20,"msg":"Plugin loaded: \u001b[35mhexo-generator-index\u001b[39m","time":"2015-10-23T13:36:05.903Z","v":0}
{"name":"hexo","hostname":"PC201410091543","pid":2080,"level":20,"msg":"Plugin loaded: \u001b[35mhexo-generator-tag\u001b[39m","time":"2015-10-23T13:36:06.059Z","v":0}
{"name":"hexo","hostname":"PC201410091543","pid":2080,"level":20,"msg":"Plugin loaded: \u001b[35mhexo-renderer-ejs\u001b[39m","time":"2015-10-23T13:36:06.402Z","v":0}
{"name":"hexo","hostname":"PC201410091543","pid":2080,"level":20,"msg":"Plugin loaded: \u001b[35mhexo-renderer-stylus\u001b[39m","time":"2015-10-23T13:36:10.239Z","v":0}
{"name":"hexo","hostname":"PC201410091543","pid":2080,"level":20,"msg":"Plugin loaded: \u001b[35mhexo-renderer-marked\u001b[39m","time":"2015-10-23T13:36:10.583Z","v":0}
{"name":"hexo","hostname":"PC201410091543","pid":2080,"level":20,"msg":"Plugin loaded: \u001b[35mhexo-server\u001b[39m","time":"2015-10-23T13:36:11.441Z","v":0}
{"name":"hexo","hostname":"PC201410091543","pid":2080,"level":20,"msg":"Loading database.","time":"2015-10-23T13:36:11.456Z","v":0}
{"name":"hexo","hostname":"PC201410091543","pid":2080,"level":20,"msg":"Added: \u001b[35msource/_posts/雾里看花.md\u001b[39m","time":"2015-10-23T13:36:11.487Z","v":0}
{"name":"hexo","hostname":"PC201410091543","pid":2080,"level":20,"msg":"Added: \u001b[35msource/_posts/hello-world.md\u001b[39m","time":"2015-10-23T13:36:11.503Z","v":0}
{"name":"hexo","hostname":"PC201410091543","pid":2080,"level":20,"msg":"Processed: \u001b[35m_posts/hello-world.md\u001b[39m","time":"2015-10-23T13:36:11.519Z","v":0}
{"name":"hexo","hostname":"PC201410091543","pid":2080,"level":20,"msg":"Processed: \u001b[35m_posts/雾里看花.md\u001b[39m","time":"2015-10-23T13:36:11.534Z","v":0}
{"name":"hexo","hostname":"PC201410091543","pid":2080,"level":20,"msg":"Generator: \u001b[35mpage\u001b[39m","time":"2015-10-23T13:36:12.501Z","v":0}
{"name":"hexo","hostname":"PC201410091543","pid":2080,"level":20,"msg":"Generator: \u001b[35mpost\u001b[39m","time":"2015-10-23T13:36:12.517Z","v":0}
{"name":"hexo","hostname":"PC201410091543","pid":2080,"level":20,"msg":"Generator: \u001b[35marchive\u001b[39m","time":"2015-10-23T13:36:12.517Z","v":0}
{"name":"hexo","hostname":"PC201410091543","pid":2080,"level":20,"msg":"Generator: \u001b[35mcategory\u001b[39m","time":"2015-10-23T13:36:12.517Z","v":0}
{"name":"hexo","hostname":"PC201410091543","pid":2080,"level":20,"msg":"Generator: \u001b[35mindex\u001b[39m","time":"2015-10-23T13:36:12.517Z","v":0}
{"name":"hexo","hostname":"PC201410091543","pid":2080,"level":20,"msg":"Generator: \u001b[35mtag\u001b[39m","time":"2015-10-23T13:36:12.517Z","v":0}
{"name":"hexo","hostname":"PC201410091543","pid":2080,"level":20,"msg":"Generator: \u001b[35masset\u001b[39m","time":"2015-10-23T13:36:12.517Z","v":0}
{"name":"hexo","hostname":"PC201410091543","pid":2080,"level":30,"msg":"Hexo is running at \u001b[4mhttp://0.0.0.0:4000/\u001b[24m. Press Ctrl+C to stop.","time":"2015-10-23T13:36:12.533Z","v":0}
{"name":"hexo","hostname":"PC201410091543","pid":2080,"level":20,"msg":"Database saved","time":"2015-10-23T13:36:12.533Z","v":0}
{"name":"hexo","hostname":"PC201410091543","pid":2080,"level":40,"msg":"No layout: \u001b[35mindex.html\u001b[39m","time":"2015-10-23T13:37:03.052Z","v":0}
{"name":"hexo","hostname":"PC201410091543","pid":2080,"level":40,"msg":"No layout: \u001b[35mindex.html\u001b[39m","time":"2015-10-23T13:37:12.846Z","v":0}
{"name":"hexo","hostname":"PC201410091543","pid":2080,"level":40,"msg":"No layout: \u001b[35mindex.html\u001b[39m","time":"2015-10-23T13:37:13.916Z","v":0}
{"name":"hexo","hostname":"PC201410091543","pid":2080,"level":40,"msg":"No layout: \u001b[35mindex.html\u001b[39m","time":"2015-10-23T13:37:14.649Z","v":0}
{"name":"hexo","hostname":"PC201410091543","pid":2080,"level":40,"msg":"No layout: \u001b[35mindex.html\u001b[39m","time":"2015-10-23T13:37:16.490Z","v":0}
